#
# There is insufficient memory for the Java Runtime Environment to continue.
# Native memory allocation (malloc) failed to allocate 131088 bytes for Chunk::new
# Possible reasons:
#   The system is out of physical RAM or swap space
#   The process is running with CompressedOops enabled, and the Java Heap may be blocking the growth of the native heap
# Possible solutions:
#   Reduce memory load on the system
#   Increase physical memory or swap space
#   Check if swap backing store is full
#   Decrease Java heap size (-Xmx/-Xms)
#   Decrease number of Java threads
#   Decrease Java thread stack sizes (-Xss)
#   Set larger code cache with -XX:ReservedCodeCacheSize=
#   JVM is running with Unscaled Compressed Oops mode in which the Java heap is
#     placed in the first 4GB address space. The Java Heap base address is the
#     maximum limit for the native heap growth. Please use -XX:HeapBaseMinAddress
#     to set the Java Heap base and to place the Java Heap above 4GB virtual address.
# This output file may be truncated or incomplete.
#
#  Out of Memory Error (allocation.cpp:389), pid=11920, tid=0x0000000000000c24
#
# JRE version: OpenJDK Runtime Environment (8.0_242-b01) (build 1.8.0_242-release-1644-b01)
# Java VM: OpenJDK 64-Bit Server VM (25.242-b01 mixed mode windows-amd64 compressed oops)
# Failed to write core dump. Minidumps are not enabled by default on client versions of Windows
#

---------------  T H R E A D  ---------------

Current thread (0x0000000016079000):  JavaThread "C2 CompilerThread0" daemon [_thread_in_native, id=3108, stack(0x00000000176d0000,0x00000000177d0000)]

Stack: [0x00000000176d0000,0x00000000177d0000]
[error occurred during error reporting (printing stack bounds), id 0xc0000005]

Native frames: (J=compiled Java code, j=interpreted, Vv=VM code, C=native code)


Current CompileTask:
C2:  59810 1428       4       java.net.URLClassLoader$1::run (5 bytes)


---------------  P R O C E S S  ---------------

Java Threads: ( => current thread )
  0x0000000018df9800 JavaThread "Cache worker for journal cache (C:\Users\Besan\.gradle\caches\journal-1)" [_thread_blocked, id=11440, stack(0x000000001ac20000,0x000000001ad20000)]
  0x0000000018dfb800 JavaThread "File lock request listener" [_thread_in_native, id=8876, stack(0x000000001ab20000,0x000000001ac20000)]
  0x0000000019470800 JavaThread "Cache worker for file hash cache (C:\Users\Besan\.gradle\caches\5.6.2\fileHashes)" [_thread_blocked, id=7324, stack(0x000000001aa20000,0x000000001ab20000)]
  0x0000000018d4c800 JavaThread "Thread-9" [_thread_blocked, id=20320, stack(0x000000001a920000,0x000000001aa20000)]
  0x000000001920c000 JavaThread "Stdin handler" [_thread_blocked, id=14228, stack(0x000000001a820000,0x000000001a920000)]
  0x000000001920b000 JavaThread "Asynchronous log dispatcher for DefaultDaemonConnection: socket connection from /127.0.0.1:59188 to /127.0.0.1:59189" [_thread_blocked, id=18120, stack(0x000000001a720000,0x000000001a820000)]
  0x0000000017a33800 JavaThread "Daemon worker" [_thread_in_native, id=4676, stack(0x000000001a420000,0x000000001a520000)]
  0x0000000017a32800 JavaThread "Cancel handler" [_thread_blocked, id=14672, stack(0x000000001a320000,0x000000001a420000)]
  0x00000000186b9000 JavaThread "Handler for socket connection from /127.0.0.1:59188 to /127.0.0.1:59189" [_thread_in_native, id=19308, stack(0x000000001a220000,0x000000001a320000)]
  0x0000000017c17800 JavaThread "Daemon" [_thread_blocked, id=17504, stack(0x000000001a120000,0x000000001a220000)]
  0x00000000183af800 JavaThread "Daemon periodic checks" [_thread_blocked, id=2228, stack(0x000000001a020000,0x000000001a120000)]
  0x0000000017d2a800 JavaThread "Incoming local TCP Connector on port 59188" [_thread_in_native, id=540, stack(0x0000000019de0000,0x0000000019ee0000)]
  0x0000000018499800 JavaThread "Daemon health stats" [_thread_blocked, id=2684, stack(0x00000000197a0000,0x00000000198a0000)]
  0x0000000017a4d000 JavaThread "Service Thread" daemon [_thread_blocked, id=5528, stack(0x0000000017dd0000,0x0000000017ed0000)]
  0x00000000160cd000 JavaThread "C1 CompilerThread2" daemon [_thread_blocked, id=12232, stack(0x00000000178d0000,0x00000000179d0000)]
  0x000000001607e800 JavaThread "C2 CompilerThread1" daemon [_thread_blocked, id=18696, stack(0x00000000177d0000,0x00000000178d0000)]
=>0x0000000016079000 JavaThread "C2 CompilerThread0" daemon [_thread_in_native, id=3108, stack(0x00000000176d0000,0x00000000177d0000)]
  0x0000000016078000 JavaThread "Attach Listener" daemon [_thread_blocked, id=20388, stack(0x00000000175d0000,0x00000000176d0000)]
  0x0000000016074800 JavaThread "Signal Dispatcher" daemon [_thread_blocked, id=17616, stack(0x00000000174d0000,0x00000000175d0000)]
  0x00000000026fc000 JavaThread "Finalizer" daemon [_thread_blocked, id=5424, stack(0x00000000172d0000,0x00000000173d0000)]
  0x00000000026f2800 JavaThread "Reference Handler" daemon [_thread_blocked, id=10204, stack(0x00000000171d0000,0x00000000172d0000)]
  0x0000000002602800 JavaThread "main" [_thread_blocked, id=6936, stack(0x0000000002420000,0x0000000002520000)]

Other Threads:
  0x0000000016036800 VMThread [stack: 0x00000000170d0000,0x00000000171d0000] [id=6628]
  0x0000000017a4e000 WatcherThread [stack: 0x0000000017ed0000,0x0000000017fd0000] [id=17920]

VM state:not at safepoint (normal execution)

VM Mutex/Monitor currently owned by a thread: None

heap address: 0x00000000a0000000, size: 1536 MB, Compressed Oops mode: 32-bit
Narrow klass base: 0x0000000000000000, Narrow klass shift: 3
Compressed class space size: 1073741824 Address: 0x0000000100000000

Heap:
 PSYoungGen      total 20992K, used 8593K [0x00000000e0000000, 0x00000000e1980000, 0x0000000100000000)
  eden space 15872K, 31% used [0x00000000e0000000,0x00000000e04e13f8,0x00000000e0f80000)
  from space 5120K, 70% used [0x00000000e0f80000,0x00000000e13033f0,0x00000000e1480000)
  to   space 5120K, 0% used [0x00000000e1480000,0x00000000e1480000,0x00000000e1980000)
 ParOldGen       total 44032K, used 4469K [0x00000000a0000000, 0x00000000a2b00000, 0x00000000e0000000)
  object space 44032K, 10% used [0x00000000a0000000,0x00000000a045d760,0x00000000a2b00000)
 Metaspace       used 13971K, capacity 14308K, committed 14464K, reserved 1060864K
  class space    used 1920K, capacity 2068K, committed 2176K, reserved 1048576K

Card table byte_map: [0x0000000011ac0000,0x0000000011dd0000] byte_map_base: 0x00000000115c0000

Marking Bits: (ParMarkBitMap*) 0x000000006896f030
 Begin Bits: [0x00000000123d0000, 0x0000000013bd0000)
 End Bits:   [0x0000000013bd0000, 0x00000000153d0000)

Polling page: 0x00000000003f0000

CodeCache: size=245760Kb used=4841Kb max_used=4853Kb free=240918Kb
 bounds [0x0000000002700000, 0x0000000002bd0000, 0x0000000011700000]
 total_blobs=1700 nmethods=1321 adapters=292
 compilation: enabled

Compilation events (10 events):
Event: 56.755 Thread 0x00000000160cd000 nmethod 1423 0x0000000002bac510 code [0x0000000002bac660, 0x0000000002bac810]
Event: 57.555 Thread 0x0000000016079000 1424   !   4       java.net.URLClassLoader::findClass (47 bytes)
Event: 57.561 Thread 0x0000000016079000 nmethod 1424 0x0000000002bbe6d0 code [0x0000000002bbe860, 0x0000000002bbea58]
Event: 57.756 Thread 0x00000000160cd000 1425       3       java.util.concurrent.locks.ReentrantLock::lock (8 bytes)
Event: 57.756 Thread 0x00000000160cd000 nmethod 1425 0x0000000002bbe290 code [0x0000000002bbe400, 0x0000000002bbe628]
Event: 58.754 Thread 0x00000000160cd000 1426       3       java.util.concurrent.locks.ReentrantLock$NonfairSync::lock (25 bytes)
Event: 58.756 Thread 0x00000000160cd000 nmethod 1426 0x0000000002bbd610 code [0x0000000002bbd7e0, 0x0000000002bbe038]
Event: 59.012 Thread 0x000000001607e800 1427       4       java.util.jar.JarFile::maybeInstantiateVerifier (96 bytes)
Event: 59.033 Thread 0x000000001607e800 nmethod 1427 0x0000000002bc07d0 code [0x0000000002bc0960, 0x0000000002bc0db8]
Event: 59.112 Thread 0x0000000016079000 1428       4       java.net.URLClassLoader$1::run (5 bytes)

GC Heap History (10 events):
Event: 20.342 GC heap before
{Heap before GC invocations=3 (full 0):
 PSYoungGen      total 18944K, used 18933K [0x00000000e0000000, 0x00000000e1500000, 0x0000000100000000)
  eden space 16384K, 100% used [0x00000000e0000000,0x00000000e1000000,0x00000000e1000000)
  from space 2560K, 99% used [0x00000000e1280000,0x00000000e14fd480,0x00000000e1500000)
  to   space 2560K, 0% used [0x00000000e1000000,0x00000000e1000000,0x00000000e1280000)
 ParOldGen       total 44032K, used 763K [0x00000000a0000000, 0x00000000a2b00000, 0x00000000e0000000)
  object space 44032K, 1% used [0x00000000a0000000,0x00000000a00bef28,0x00000000a2b00000)
 Metaspace       used 7226K, capacity 7418K, committed 7680K, reserved 1056768K
  class space    used 872K, capacity 942K, committed 1024K, reserved 1048576K
Event: 20.347 GC heap after
Heap after GC invocations=3 (full 0):
 PSYoungGen      total 18944K, used 2240K [0x00000000e0000000, 0x00000000e1500000, 0x0000000100000000)
  eden space 16384K, 0% used [0x00000000e0000000,0x00000000e0000000,0x00000000e1000000)
  from space 2560K, 87% used [0x00000000e1000000,0x00000000e1230000,0x00000000e1280000)
  to   space 2560K, 0% used [0x00000000e1280000,0x00000000e1280000,0x00000000e1500000)
 ParOldGen       total 44032K, used 771K [0x00000000a0000000, 0x00000000a2b00000, 0x00000000e0000000)
  object space 44032K, 1% used [0x00000000a0000000,0x00000000a00c0f28,0x00000000a2b00000)
 Metaspace       used 7226K, capacity 7418K, committed 7680K, reserved 1056768K
  class space    used 872K, capacity 942K, committed 1024K, reserved 1048576K
}
Event: 28.293 GC heap before
{Heap before GC invocations=4 (full 0):
 PSYoungGen      total 18944K, used 18624K [0x00000000e0000000, 0x00000000e1500000, 0x0000000100000000)
  eden space 16384K, 100% used [0x00000000e0000000,0x00000000e1000000,0x00000000e1000000)
  from space 2560K, 87% used [0x00000000e1000000,0x00000000e1230000,0x00000000e1280000)
  to   space 2560K, 0% used [0x00000000e1280000,0x00000000e1280000,0x00000000e1500000)
 ParOldGen       total 44032K, used 771K [0x00000000a0000000, 0x00000000a2b00000, 0x00000000e0000000)
  object space 44032K, 1% used [0x00000000a0000000,0x00000000a00c0f28,0x00000000a2b00000)
 Metaspace       used 7438K, capacity 7730K, committed 7936K, reserved 1056768K
  class space    used 902K, capacity 982K, committed 1024K, reserved 1048576K
Event: 28.298 GC heap after
Heap after GC invocations=4 (full 0):
 PSYoungGen      total 18944K, used 2560K [0x00000000e0000000, 0x00000000e1500000, 0x0000000100000000)
  eden space 16384K, 0% used [0x00000000e0000000,0x00000000e0000000,0x00000000e1000000)
  from space 2560K, 100% used [0x00000000e1280000,0x00000000e1500000,0x00000000e1500000)
  to   space 2560K, 0% used [0x00000000e1000000,0x00000000e1000000,0x00000000e1280000)
 ParOldGen       total 44032K, used 1403K [0x00000000a0000000, 0x00000000a2b00000, 0x00000000e0000000)
  object space 44032K, 3% used [0x00000000a0000000,0x00000000a015eca8,0x00000000a2b00000)
 Metaspace       used 7438K, capacity 7730K, committed 7936K, reserved 1056768K
  class space    used 902K, capacity 982K, committed 1024K, reserved 1048576K
}
Event: 36.528 GC heap before
{Heap before GC invocations=5 (full 0):
 PSYoungGen      total 18944K, used 18944K [0x00000000e0000000, 0x00000000e1500000, 0x0000000100000000)
  eden space 16384K, 100% used [0x00000000e0000000,0x00000000e1000000,0x00000000e1000000)
  from space 2560K, 100% used [0x00000000e1280000,0x00000000e1500000,0x00000000e1500000)
  to   space 2560K, 0% used [0x00000000e1000000,0x00000000e1000000,0x00000000e1280000)
 ParOldGen       total 44032K, used 1403K [0x00000000a0000000, 0x00000000a2b00000, 0x00000000e0000000)
  object space 44032K, 3% used [0x00000000a0000000,0x00000000a015eca8,0x00000000a2b00000)
 Metaspace       used 9099K, capacity 9276K, committed 9472K, reserved 1056768K
  class space    used 1164K, capacity 1244K, committed 1280K, reserved 1048576K
Event: 36.541 GC heap after
Heap after GC invocations=5 (full 0):
 PSYoungGen      total 18944K, used 2528K [0x00000000e0000000, 0x00000000e1900000, 0x0000000100000000)
  eden space 16384K, 0% used [0x00000000e0000000,0x00000000e0000000,0x00000000e1000000)
  from space 2560K, 98% used [0x00000000e1000000,0x00000000e1278020,0x00000000e1280000)
  to   space 4608K, 0% used [0x00000000e1480000,0x00000000e1480000,0x00000000e1900000)
 ParOldGen       total 44032K, used 2974K [0x00000000a0000000, 0x00000000a2b00000, 0x00000000e0000000)
  object space 44032K, 6% used [0x00000000a0000000,0x00000000a02e7be8,0x00000000a2b00000)
 Metaspace       used 9099K, capacity 9276K, committed 9472K, reserved 1056768K
  class space    used 1164K, capacity 1244K, committed 1280K, reserved 1048576K
}
Event: 46.101 GC heap before
{Heap before GC invocations=6 (full 0):
 PSYoungGen      total 18944K, used 18912K [0x00000000e0000000, 0x00000000e1900000, 0x0000000100000000)
  eden space 16384K, 100% used [0x00000000e0000000,0x00000000e1000000,0x00000000e1000000)
  from space 2560K, 98% used [0x00000000e1000000,0x00000000e1278020,0x00000000e1280000)
  to   space 4608K, 0% used [0x00000000e1480000,0x00000000e1480000,0x00000000e1900000)
 ParOldGen       total 44032K, used 2974K [0x00000000a0000000, 0x00000000a2b00000, 0x00000000e0000000)
  object space 44032K, 6% used [0x00000000a0000000,0x00000000a02e7be8,0x00000000a2b00000)
 Metaspace       used 11988K, capacity 12350K, committed 12544K, reserved 1060864K
  class space    used 1600K, capacity 1713K, committed 1792K, reserved 1048576K
Event: 46.119 GC heap after
Heap after GC invocations=6 (full 0):
 PSYoungGen      total 20480K, used 4608K [0x00000000e0000000, 0x00000000e1a00000, 0x0000000100000000)
  eden space 15872K, 0% used [0x00000000e0000000,0x00000000e0000000,0x00000000e0f80000)
  from space 4608K, 100% used [0x00000000e1480000,0x00000000e1900000,0x00000000e1900000)
  to   space 5120K, 0% used [0x00000000e0f80000,0x00000000e0f80000,0x00000000e1480000)
 ParOldGen       total 44032K, used 3009K [0x00000000a0000000, 0x00000000a2b00000, 0x00000000e0000000)
  object space 44032K, 6% used [0x00000000a0000000,0x00000000a02f0700,0x00000000a2b00000)
 Metaspace       used 11988K, capacity 12350K, committed 12544K, reserved 1060864K
  class space    used 1600K, capacity 1713K, committed 1792K, reserved 1048576K
}
Event: 55.315 GC heap before
{Heap before GC invocations=7 (full 0):
 PSYoungGen      total 20480K, used 20480K [0x00000000e0000000, 0x00000000e1a00000, 0x0000000100000000)
  eden space 15872K, 100% used [0x00000000e0000000,0x00000000e0f80000,0x00000000e0f80000)
  from space 4608K, 100% used [0x00000000e1480000,0x00000000e1900000,0x00000000e1900000)
  to   space 5120K, 0% used [0x00000000e0f80000,0x00000000e0f80000,0x00000000e1480000)
 ParOldGen       total 44032K, used 3009K [0x00000000a0000000, 0x00000000a2b00000, 0x00000000e0000000)
  object space 44032K, 6% used [0x00000000a0000000,0x00000000a02f0700,0x00000000a2b00000)
 Metaspace       used 13354K, capacity 13732K, committed 14080K, reserved 1060864K
  class space    used 1818K, capacity 1940K, committed 2048K, reserved 1048576K
Event: 55.325 GC heap after
Heap after GC invocations=7 (full 0):
 PSYoungGen      total 20992K, used 3596K [0x00000000e0000000, 0x00000000e1980000, 0x0000000100000000)
  eden space 15872K, 0% used [0x00000000e0000000,0x00000000e0000000,0x00000000e0f80000)
  from space 5120K, 70% used [0x00000000e0f80000,0x00000000e13033f0,0x00000000e1480000)
  to   space 5120K, 0% used [0x00000000e1480000,0x00000000e1480000,0x00000000e1980000)
 ParOldGen       total 44032K, used 4469K [0x00000000a0000000, 0x00000000a2b00000, 0x00000000e0000000)
  object space 44032K, 10% used [0x00000000a0000000,0x00000000a045d760,0x00000000a2b00000)
 Metaspace       used 13354K, capacity 13732K, committed 14080K, reserved 1060864K
  class space    used 1818K, capacity 1940K, committed 2048K, reserved 1048576K
}

Deoptimization events (10 events):
Event: 36.869 Thread 0x0000000002602800 Uncommon trap: reason=bimorphic action=maybe_recompile pc=0x00000000029b4488 method=java.util.HashMap.putVal(ILjava/lang/Object;Ljava/lang/Object;ZZ)Ljava/lang/Object; @ 203
Event: 38.481 Thread 0x0000000002602800 Uncommon trap: reason=unstable_if action=reinterpret pc=0x000000000299fef8 method=java.io.WinNTFileSystem.normalize(Ljava/lang/String;)Ljava/lang/String; @ 128
Event: 44.490 Thread 0x0000000017a33800 Uncommon trap: reason=bimorphic action=maybe_recompile pc=0x00000000029b32b8 method=java.util.HashMap.putVal(ILjava/lang/Object;Ljava/lang/Object;ZZ)Ljava/lang/Object; @ 253
Event: 44.491 Thread 0x0000000017a33800 Uncommon trap: reason=bimorphic action=maybe_recompile pc=0x00000000029b32b8 method=java.util.HashMap.putVal(ILjava/lang/Object;Ljava/lang/Object;ZZ)Ljava/lang/Object; @ 253
Event: 44.492 Thread 0x0000000017a33800 Uncommon trap: reason=bimorphic action=maybe_recompile pc=0x00000000029b32b8 method=java.util.HashMap.putVal(ILjava/lang/Object;Ljava/lang/Object;ZZ)Ljava/lang/Object; @ 253
Event: 44.492 Thread 0x0000000017a33800 Uncommon trap: reason=bimorphic action=maybe_recompile pc=0x00000000029ae568 method=java.util.HashMap.putVal(ILjava/lang/Object;Ljava/lang/Object;ZZ)Ljava/lang/Object; @ 253
Event: 54.100 Thread 0x0000000017a33800 Uncommon trap: reason=class_check action=maybe_recompile pc=0x00000000029f86d8 method=java.util.regex.Matcher.match(II)Z @ 86
Event: 55.127 Thread 0x0000000017a33800 Uncommon trap: reason=class_check action=maybe_recompile pc=0x00000000029f86d8 method=java.util.regex.Matcher.match(II)Z @ 86
Event: 55.128 Thread 0x0000000017a33800 Uncommon trap: reason=class_check action=maybe_recompile pc=0x00000000029f86d8 method=java.util.regex.Matcher.match(II)Z @ 86
Event: 55.129 Thread 0x0000000017a33800 Uncommon trap: reason=class_check action=maybe_recompile pc=0x0000000002872320 method=java.util.regex.Matcher.match(II)Z @ 86

Classes redefined (0 events):
No events

Internal exceptions (10 events):
Event: 9.599 Thread 0x0000000002602800 Exception <a 'java/lang/ArrayIndexOutOfBoundsException'> (0x00000000e0332f50) thrown at [C:\src\AOSP-openjdk-git\hotspot\src\share\vm\runtime\sharedRuntime.cpp, line 605]
Event: 9.610 Thread 0x0000000002602800 Exception <a 'java/lang/ArrayIndexOutOfBoundsException'> (0x00000000e0351b78) thrown at [C:\src\AOSP-openjdk-git\hotspot\src\share\vm\runtime\sharedRuntime.cpp, line 605]
Event: 9.611 Thread 0x0000000002602800 Exception <a 'java/lang/ArrayIndexOutOfBoundsException'> (0x00000000e0366398) thrown at [C:\src\AOSP-openjdk-git\hotspot\src\share\vm\runtime\sharedRuntime.cpp, line 605]
Event: 9.739 Thread 0x0000000002602800 Exception <a 'java/lang/ArrayIndexOutOfBoundsException'> (0x00000000e0370ae8) thrown at [C:\src\AOSP-openjdk-git\hotspot\src\share\vm\runtime\sharedRuntime.cpp, line 605]
Event: 9.739 Thread 0x0000000002602800 Exception <a 'java/lang/ArrayIndexOutOfBoundsException'> (0x00000000e0372d20) thrown at [C:\src\AOSP-openjdk-git\hotspot\src\share\vm\runtime\sharedRuntime.cpp, line 605]
Event: 9.740 Thread 0x0000000002602800 Exception <a 'java/lang/ArrayIndexOutOfBoundsException'> (0x00000000e03809f0) thrown at [C:\src\AOSP-openjdk-git\hotspot\src\share\vm\runtime\sharedRuntime.cpp, line 605]
Event: 9.741 Thread 0x0000000002602800 Exception <a 'java/lang/ArrayIndexOutOfBoundsException'> (0x00000000e0382fc8) thrown at [C:\src\AOSP-openjdk-git\hotspot\src\share\vm\runtime\sharedRuntime.cpp, line 605]
Event: 36.573 Thread 0x0000000002602800 Exception <a 'java/lang/NoSuchFieldError': method resolution failed> (0x00000000e007e768) thrown at [C:\src\AOSP-openjdk-git\hotspot\src\share\vm\prims\methodHandles.cpp, line 1167]
Event: 36.579 Thread 0x0000000002602800 Exception <a 'java/lang/NoSuchFieldError': method resolution failed> (0x00000000e008c488) thrown at [C:\src\AOSP-openjdk-git\hotspot\src\share\vm\prims\methodHandles.cpp, line 1167]
Event: 40.630 Thread 0x0000000002602800 Exception <a 'java/io/IOException'> (0x00000000e089cef8) thrown at [C:\src\AOSP-openjdk-git\hotspot\src\share\vm\prims\jni.cpp, line 710]

Events (10 events):
Event: 59.112 loading class org/gradle/execution/ProjectConfigurer
Event: 59.112 loading class org/gradle/execution/ProjectConfigurer done
Event: 59.112 loading class org/gradle/api/internal/initialization/ScriptClassPathResolver
Event: 59.112 loading class org/gradle/api/internal/initialization/ScriptClassPathResolver done
Event: 59.113 loading class org/gradle/api/internal/project/ProjectTaskLister
Event: 59.113 loading class org/gradle/api/internal/project/ProjectTaskLister done
Event: 59.115 loading class org/gradle/groovy/scripts/internal/FileCacheBackedScriptClassCompiler
Event: 59.115 loading class org/gradle/groovy/scripts/internal/FileCacheBackedScriptClassCompiler done
Event: 59.153 loading class org/gradle/api/internal/tasks/TaskStatistics
Event: 59.153 loading class org/gradle/api/internal/tasks/TaskStatistics done


Dynamic libraries:
0x00007ff65d060000 - 0x00007ff65d091000 	C:\Program Files\Android\Android Studio\jre\bin\java.exe
0x00007ff88fa40000 - 0x00007ff88fc30000 	C:\WINDOWS\SYSTEM32\ntdll.dll
0x00007ff88f070000 - 0x00007ff88f122000 	C:\WINDOWS\System32\KERNEL32.DLL
0x00007ff88cde0000 - 0x00007ff88d084000 	C:\WINDOWS\System32\KERNELBASE.dll
0x00007ff88ed70000 - 0x00007ff88ee13000 	C:\WINDOWS\System32\ADVAPI32.dll
0x00007ff88dcd0000 - 0x00007ff88dd6e000 	C:\WINDOWS\System32\msvcrt.dll
0x00007ff88f210000 - 0x00007ff88f2a7000 	C:\WINDOWS\System32\sechost.dll
0x00007ff88ebd0000 - 0x00007ff88ecf0000 	C:\WINDOWS\System32\RPCRT4.dll
0x00007ff88f360000 - 0x00007ff88f4f4000 	C:\WINDOWS\System32\USER32.dll
0x00007ff88da10000 - 0x00007ff88da31000 	C:\WINDOWS\System32\win32u.dll
0x00007ff88db70000 - 0x00007ff88db96000 	C:\WINDOWS\System32\GDI32.dll
0x00007ff88cc40000 - 0x00007ff88cdd6000 	C:\WINDOWS\System32\gdi32full.dll
0x00007ff88d820000 - 0x00007ff88d8be000 	C:\WINDOWS\System32\msvcp_win.dll
0x00007ff88cac0000 - 0x00007ff88cbba000 	C:\WINDOWS\System32\ucrtbase.dll
0x00007ff883630000 - 0x00007ff8838b4000 	C:\WINDOWS\WinSxS\amd64_microsoft.windows.common-controls_6595b64144ccf1df_6.0.18362.959_none_e6c7bbbf130c62bb\COMCTL32.dll
0x00007ff88f500000 - 0x00007ff88f835000 	C:\WINDOWS\System32\combase.dll
0x00007ff88ca40000 - 0x00007ff88cac0000 	C:\WINDOWS\System32\bcryptPrimitives.dll
0x00007ff88ee20000 - 0x00007ff88ee4e000 	C:\WINDOWS\System32\IMM32.DLL
0x00000000689f0000 - 0x0000000068ac2000 	C:\Program Files\Android\Android Studio\jre\jre\bin\msvcr100.dll
0x00000000681a0000 - 0x00000000689eb000 	C:\Program Files\Android\Android Studio\jre\jre\bin\server\jvm.dll
0x00007ff88ed60000 - 0x00007ff88ed68000 	C:\WINDOWS\System32\PSAPI.DLL
0x00007ff88b2c0000 - 0x00007ff88b2ca000 	C:\WINDOWS\SYSTEM32\VERSION.dll
0x00007ff8824d0000 - 0x00007ff8824d9000 	C:\WINDOWS\SYSTEM32\WSOCK32.dll
0x00007ff88dc60000 - 0x00007ff88dccf000 	C:\WINDOWS\System32\WS2_32.dll
0x00007ff884020000 - 0x00007ff884044000 	C:\WINDOWS\SYSTEM32\WINMM.dll
0x00007ff883ff0000 - 0x00007ff88401d000 	C:\WINDOWS\SYSTEM32\winmmbase.dll
0x00007ff88c9f0000 - 0x00007ff88ca3a000 	C:\WINDOWS\System32\cfgmgr32.dll
0x00007ff88b330000 - 0x00007ff88b33f000 	C:\Program Files\Android\Android Studio\jre\jre\bin\verify.dll
0x00007ff884770000 - 0x00007ff884799000 	C:\Program Files\Android\Android Studio\jre\jre\bin\java.dll
0x00007ff8875c0000 - 0x00007ff8875d6000 	C:\Program Files\Android\Android Studio\jre\jre\bin\zip.dll
0x00007ff88e320000 - 0x00007ff88ea06000 	C:\WINDOWS\System32\SHELL32.dll
0x00007ff88f2b0000 - 0x00007ff88f359000 	C:\WINDOWS\System32\shcore.dll
0x00007ff88d090000 - 0x00007ff88d812000 	C:\WINDOWS\System32\windows.storage.dll
0x00007ff88c990000 - 0x00007ff88c9b3000 	C:\WINDOWS\System32\profapi.dll
0x00007ff88c900000 - 0x00007ff88c94a000 	C:\WINDOWS\System32\powrprof.dll
0x00007ff88c8f0000 - 0x00007ff88c900000 	C:\WINDOWS\System32\UMPDC.dll
0x00007ff88eff0000 - 0x00007ff88f042000 	C:\WINDOWS\System32\shlwapi.dll
0x00007ff88c970000 - 0x00007ff88c981000 	C:\WINDOWS\System32\kernel.appcore.dll
0x00007ff88cc20000 - 0x00007ff88cc37000 	C:\WINDOWS\System32\cryptsp.dll
0x00007ff886db0000 - 0x00007ff886dca000 	C:\Program Files\Android\Android Studio\jre\jre\bin\net.dll
0x00007ff88c160000 - 0x00007ff88c1c7000 	C:\WINDOWS\system32\mswsock.dll
0x00007ff884750000 - 0x00007ff884763000 	C:\Program Files\Android\Android Studio\jre\jre\bin\nio.dll
0x00007ff880c80000 - 0x00007ff880ca6000 	C:\Users\Besan\.gradle\native\30\windows-amd64\native-platform.dll
0x00007ff88b1f0000 - 0x00007ff88b1fd000 	C:\Program Files\Android\Android Studio\jre\jre\bin\management.dll
0x00007ff88bcd0000 - 0x00007ff88bd03000 	C:\WINDOWS\system32\rsaenh.dll
0x00007ff88c9c0000 - 0x00007ff88c9e6000 	C:\WINDOWS\System32\bcrypt.dll
0x00007ff88c810000 - 0x00007ff88c835000 	C:\WINDOWS\SYSTEM32\USERENV.dll
0x00007ff88c330000 - 0x00007ff88c33c000 	C:\WINDOWS\SYSTEM32\CRYPTBASE.dll
0x00007ff88be70000 - 0x00007ff88beaa000 	C:\WINDOWS\SYSTEM32\IPHLPAPI.DLL
0x00007ff88dc50000 - 0x00007ff88dc58000 	C:\WINDOWS\System32\NSI.dll
0x00007ff885450000 - 0x00007ff885466000 	C:\WINDOWS\SYSTEM32\dhcpcsvc6.DLL
0x00007ff886060000 - 0x00007ff88607c000 	C:\WINDOWS\SYSTEM32\dhcpcsvc.DLL
0x00007ff88bf00000 - 0x00007ff88bfcb000 	C:\WINDOWS\SYSTEM32\DNSAPI.dll

VM Arguments:
jvm_args: -Xmx1536M -Dfile.encoding=windows-1256 -Duser.country=JO -Duser.language=ar -Duser.variant 
java_command: org.gradle.launcher.daemon.bootstrap.GradleDaemon 5.6.2
java_class_path (initial): C:\Users\Besan\.gradle\wrapper\dists\gradle-5.6.2-all\9st6wgf78h16so49nn74lgtbb\gradle-5.6.2\lib\gradle-launcher-5.6.2.jar
Launcher Type: SUN_STANDARD

Environment Variables:
JAVA_HOME=C:\Program Files\Android\Android Studio\jre
CLASSPATH=C:\src\food_app\android\\gradle\wrapper\gradle-wrapper.jar
PATH=C:\WINDOWS\system32;C:\WINDOWS;C:\WINDOWS\System32\Wbem;C:\WINDOWS\System32\WindowsPowerShell\v1.0\;C:\WINDOWS\System32\OpenSSH\;C:\Program Files\Git\cmd;C:\Program Files\Microsoft SQL Server\130\Tools\Binn\;C:\Program Files\Dart\dart-sdk\bin;C:\src\flutter\bin;C:\Users\Besan\AppData\Local\Programs\Microsoft VS Code\bin;C:\src\flutter\bin;C:\commandlinetools-win-6514223_latest\tools\bin;C:\Program Files\Dart\dart-sdk\bin;C:\Users\Besan\AppData\Local\Android\Sdk;;C:\src\flutter\bin\mingit\cmd
USERNAME=Besan
OS=Windows_NT
PROCESSOR_IDENTIFIER=Intel64 Family 6 Model 69 Stepping 1, GenuineIntel



---------------  S Y S T E M  ---------------

OS: Windows 10.0 , 64 bit Build 18362 (10.0.18362.959)

CPU:total 4 (initial active 4) (2 cores per cpu, 2 threads per core) family 6 model 69 stepping 1, cmov, cx8, fxsr, mmx, sse, sse2, sse3, ssse3, sse4.1, sse4.2, popcnt, avx, avx2, aes, clmul, erms, lzcnt, ht, tsc, tscinvbit, bmi1, bmi2

Memory: 4k page, physical 4129068k(404920k free), swap 16711980k(2460k free)

vm_info: OpenJDK 64-Bit Server VM (25.242-b01) for windows-amd64 JRE (1.8.0_242-release-1644-b01), built by "builder" with MS VC++ 10.0 (VS2010)

time: Sun Aug 23 09:48:58 2020
timezone: „’— - «· ÊﬁÌ  «·—”„Ì
elapsed time: 60 seconds (0d 0h 1m 0s)

